<?xml version="1.0" encoding="UTF-8"?>
<!-- Generated by org.testng.reporters.JUnitXMLReporter -->
<testsuite ignored="0" hostname="Omars-MacBook-Pro.local" failures="0" tests="4" name="Test-method test" time="0.036" errors="0" timestamp="2020-11-11T18:01:50 EST">
  <testcase classname="multipleTestng2.ParallelClassesTest1" name="testMethodOne" time="0.001"/>
  <testcase classname="multipleTestng3.ParallelClassesTest2" name="testMethodOne" time="0.001"/>
  <testcase classname="multipleTestng2.ParallelClassesTest1" name="testMethodTwo" time="0.001"/>
  <testcase classname="multipleTestng3.ParallelClassesTest2" name="testMethodTwo" time="0.001"/>
</testsuite> <!-- Test-method test -->
