<?xml version="1.0" encoding="UTF-8"?>
<!-- Generated by org.testng.reporters.JUnitReportReporter -->
<testsuite hostname="Omars-MacBook-Pro.local" failures="0" tests="2" name="multipleTestng.ParallelMethodTest" time="0.018" errors="0" timestamp="2020-11-11T17:40:01 EST" skipped="0">
  <testcase classname="multipleTestng.ParallelMethodTest" name="testMethodsTwo" time="0.009"/>
  <system-out/>
  <testcase classname="multipleTestng.ParallelMethodTest" name="testMethodsOne" time="0.009"/>
  <system-out/>
</testsuite> <!-- multipleTestng.ParallelMethodTest -->
