<?xml version="1.0" encoding="UTF-8"?>
<!-- Generated by org.testng.reporters.JUnitReportReporter -->
<testsuite hostname="Omars-MacBook-Pro.local" failures="0" tests="1" name="holidaydeal.amzn.HolidayDealTest" time="4.496" errors="0" timestamp="2020-11-11T14:50:25 EST" skipped="0">
  <testcase classname="holidaydeal.amzn.HolidayDealTest" name="hoildaydealtest" time="4.496"/>
  <system-out/>
</testsuite> <!-- holidaydeal.amzn.HolidayDealTest -->
