<?xml version="1.0" encoding="UTF-8"?>
<!-- Generated by org.testng.reporters.JUnitReportReporter -->
<testsuite hostname="Omars-MacBook-Pro.local" failures="0" tests="2" name="multipleTestng3.ParallelClassesTest2" time="0.002" errors="0" timestamp="2020-11-11T18:01:50 EST" skipped="0">
  <testcase classname="multipleTestng3.ParallelClassesTest2" name="testMethodOne" time="0.001"/>
  <system-out/>
  <testcase classname="multipleTestng3.ParallelClassesTest2" name="testMethodTwo" time="0.001"/>
  <system-out/>
</testsuite> <!-- multipleTestng3.ParallelClassesTest2 -->
